#
# A fatal error has been detected by the Java Runtime Environment:
#
#  SIGSEGV (0xb) at pc=0x00000001008e83b4, pid=31292, tid=27395
#
# JRE version: OpenJDK Runtime Environment Zulu15.38+17-CA (15.0.6+5) (build 15.0.6+5-MTS)
# Java VM: OpenJDK 64-Bit Server VM Zulu15.38+17-CA (15.0.6+5-MTS, mixed mode, tiered, compressed oops, g1 gc, bsd-aarch64)
# Problematic frame:
# C  [python3.8+0x1bc3b4]  collect+0x200
#
# No core dump will be written. Core dumps have been disabled. To enable core dumping, try "ulimit -c unlimited" before starting Java again
#
# If you would like to submit a bug report, please visit:
#   http://www.azul.com/support/
# The crash happened outside the Java Virtual Machine in native code.
# See problematic frame for where to report the bug.
#

---------------  S U M M A R Y ------------

Command Line: -Dfile.encoding=UTF8 -ea -Xmx1024m 

Host: Macmini9,1 arm64 1 MHz, 8 cores, 16G, Darwin 21.4.0
Time: Mon Mar 21 12:03:41 2022 KST elapsed time: 0.098780 seconds (0d 0h 0m 0s)

---------------  T H R E A D  ---------------

Current thread (0x0000000101d14c00):  JavaThread "Python Reference Queue" daemon [_thread_in_native, id=27395, stack(0x00000002881c4000,0x00000002883c7000)]

Stack: [0x00000002881c4000,0x00000002883c7000],  sp=0x00000002883c6780,  free space=2057k
Native frames: (J=compiled Java code, A=aot compiled Java code, j=interpreted, Vv=VM code, C=native code)
C  [python3.8+0x1bc3b4]  collect+0x200
C  [python3.8+0x1bd834]  PyGC_Collect+0x9c
C  [_jpype.cpython-38-darwin.so+0x1cf6c]  JPGarbageCollection::triggered()+0x38
C  [_jpype.cpython-38-darwin.so+0x29598]  Java_org_jpype_ref_JPypeReferenceNative_wake+0x1c
j  org.jpype.ref.JPypeReferenceNative.wake()V+0
j  org.jpype.ref.JPypeReferenceQueue$Worker.run()V+42
j  java.lang.Thread.run()V+11 java.base@15.0.6
v  ~StubRoutines::call_stub
V  [libjvm.dylib+0x3df5e4]  JavaCalls::call_helper(JavaValue*, methodHandle const&, JavaCallArguments*, Thread*)+0x324
V  [libjvm.dylib+0x3de6bc]  JavaCalls::call_virtual(JavaValue*, Klass*, Symbol*, Symbol*, JavaCallArguments*, Thread*)+0xf8
V  [libjvm.dylib+0x3de784]  JavaCalls::call_virtual(JavaValue*, Handle, Klass*, Symbol*, Symbol*, Thread*)+0x64
V  [libjvm.dylib+0x48deb4]  thread_entry(JavaThread*, Thread*)+0xbc
V  [libjvm.dylib+0x8c3880]  JavaThread::thread_main_inner()+0xa0
V  [libjvm.dylib+0x8c0d7c]  Thread::call_run()+0x88
V  [libjvm.dylib+0x710d84]  thread_native_entry(Thread*)+0x1d0
C  [libsystem_pthread.dylib+0x726c]  _pthread_start+0x94

Java frames: (J=compiled Java code, j=interpreted, Vv=VM code)
j  org.jpype.ref.JPypeReferenceNative.wake()V+0
j  org.jpype.ref.JPypeReferenceQueue$Worker.run()V+42
j  java.lang.Thread.run()V+11 java.base@15.0.6
v  ~StubRoutines::call_stub

siginfo: si_signo: 11 (SIGSEGV), si_code: 2 (SEGV_ACCERR), si_addr: 0x000000016d6d5718

Register to memory mapping:

 x0=0x0000000176431270 points into unknown readable memory: 0x0000000100a34db0 | b0 4d a3 00 01 00 00 00
 x1=0x00000002883c68d0 is pointing into the stack for thread: 0x0000000101d14c00
 x2=0x00000002883c68c8 is pointing into the stack for thread: 0x0000000101d14c00
 x3=0x0 is NULL
 x4=0x0000000000009203 is an unknown value
 x5=0x0 is NULL
 x6=0x0000000000000001 is an unknown value
 x7=0x00000000004c4b40 is an unknown value
 x8=